0 info it worked if it ends with ok
1 verbose cli [ 'C:\\Program Files\\nodejs\\node.exe',
1 verbose cli   'C:\\Program Files\\nodejs\\node_modules\\npm\\bin\\npm-cli.js',
1 verbose cli   'run',
1 verbose cli   'lite' ]
2 info using npm@3.10.10
3 info using node@v6.10.2
4 verbose run-script [ 'prelite', 'lite', 'postlite' ]
5 info lifecycle meantodos@1.0.0~prelite: meantodos@1.0.0
6 silly lifecycle meantodos@1.0.0~prelite: no script for prelite, continuing
7 info lifecycle meantodos@1.0.0~lite: meantodos@1.0.0
8 verbose lifecycle meantodos@1.0.0~lite: unsafe-perm in lifecycle true
9 verbose lifecycle meantodos@1.0.0~lite: PATH: C:\Program Files\nodejs\node_modules\npm\bin\node-gyp-bin;C:\Users\Daniel\Desktop\meantodos\client\node_modules\.bin;C:\Program Files\nodejs\node_modules\npm\bin\node-gyp-bin;C:\Users\Daniel\Desktop\meantodos\client\node_modules\.bin;C:\Users\Daniel\bin;C:\Program Files\Git\mingw64\bin;C:\Program Files\Git\usr\local\bin;C:\Program Files\Git\usr\bin;C:\Program Files\Git\usr\bin;C:\Program Files\Git\mingw64\bin;C:\Program Files\Git\usr\bin;C:\Users\Daniel\bin;C:\ProgramData\Oracle\Java\javapath;C:\WINDOWS\system32;C:\WINDOWS;C:\WINDOWS\System32\Wbem;C:\WINDOWS\System32\WindowsPowerShell\v1.0;C:\Program Files\Git\cmd;C:\Program Files (x86)\Oberthur Technologies\AWP\Dlls;C:\Program Files\Oberthur Technologies\AWP\Dlls;C:\Program Files\TortoiseSVN\bin;C:\Program Files\Java\jdk1.8.0_121\bin;C:\Program Files (x86)\nodejs;C:\Program Files\nodejs;C:\Program Files\MongoDB\Server\3.2\bin;C:\Program Files (x86)\Java\jre7\bin;C:\Users\Daniel\AppData\Local\Microsoft\WindowsApps;C:\Users\Daniel\AppData\Local\atom\bin;C:\Users\Daniel\AppData\Local\.meteor;C:\Program Files\Java\jdk1.8.0_121\bin;C:\Program Files (x86)\Microsoft VS Code\bin;C:\Users\Daniel\AppData\Roaming\npm;C:\Program Files\Git\usr\bin\vendor_perl;C:\Program Files\Git\usr\bin\core_perl
10 verbose lifecycle meantodos@1.0.0~lite: CWD: C:\Users\Daniel\Desktop\meantodos\client
11 silly lifecycle meantodos@1.0.0~lite: Args: [ '/d /s /c', 'lite-server' ]
12 silly lifecycle meantodos@1.0.0~lite: Returned: code: 1  signal: null
13 info lifecycle meantodos@1.0.0~lite: Failed to exec lite script
14 verbose stack Error: meantodos@1.0.0 lite: `lite-server`
14 verbose stack Exit status 1
14 verbose stack     at EventEmitter.<anonymous> (C:\Program Files\nodejs\node_modules\npm\lib\utils\lifecycle.js:255:16)
14 verbose stack     at emitTwo (events.js:106:13)
14 verbose stack     at EventEmitter.emit (events.js:191:7)
14 verbose stack     at ChildProcess.<anonymous> (C:\Program Files\nodejs\node_modules\npm\lib\utils\spawn.js:40:14)
14 verbose stack     at emitTwo (events.js:106:13)
14 verbose stack     at ChildProcess.emit (events.js:191:7)
14 verbose stack     at maybeClose (internal/child_process.js:886:16)
14 verbose stack     at Process.ChildProcess._handle.onexit (internal/child_process.js:226:5)
15 verbose pkgid meantodos@1.0.0
16 verbose cwd C:\Users\Daniel\Desktop\meantodos\client
17 error Windows_NT 10.0.14393
18 error argv "C:\\Program Files\\nodejs\\node.exe" "C:\\Program Files\\nodejs\\node_modules\\npm\\bin\\npm-cli.js" "run" "lite"
19 error node v6.10.2
20 error npm  v3.10.10
21 error code ELIFECYCLE
22 error meantodos@1.0.0 lite: `lite-server`
22 error Exit status 1
23 error Failed at the meantodos@1.0.0 lite script 'lite-server'.
23 error Make sure you have the latest version of node.js and npm installed.
23 error If you do, this is most likely a problem with the meantodos package,
23 error not with npm itself.
23 error Tell the author that this fails on your system:
23 error     lite-server
23 error You can get information on how to open an issue for this project with:
23 error     npm bugs meantodos
23 error Or if that isn't available, you can get their info via:
23 error     npm owner ls meantodos
23 error There is likely additional logging output above.
24 verbose exit [ 1, true ]
